INFO:root:-----------------------------------------
INFO:root:pms_th_toserver launched at 11-03-2019 00:16:55
INFO:root:Connected! Database version : 10.1.37-MariaDB-0+deb9u1 
INFO:root:-----------------------------------------
INFO:root:pms_th_toserver launched at 11-03-2019 00:25:48
INFO:root:Connected! Database version : 10.1.37-MariaDB-0+deb9u1 
ERROR:root:in dbPushData. The database is being rolled back
ERROR:root:in dbPushData. The database is being rolled back
INFO:root:-----------------------------------------
INFO:root:pms_th_toserver launched at 11-03-2019 00:26:34
INFO:root:Connected! Database version : 10.1.37-MariaDB-0+deb9u1 
INFO:root:-----------------------------------------
INFO:root:pms_th_toserver launched at 11-03-2019 00:28:20
INFO:root:Connected! Database version : 10.1.37-MariaDB-0+deb9u1 
ERROR:root:in dbPushData. The database is being rolled back
INFO:root:-----------------------------------------
INFO:root:pms_th_toserver launched at 11-03-2019 00:29:46
INFO:root:Connected! Database version : 10.1.37-MariaDB-0+deb9u1 
ERROR:root:in dbPushData. The database is being rolled back
INFO:root:-----------------------------------------
INFO:root:pms_th_toserver launched at 11-03-2019 00:31:05
INFO:root:Connected! Database version : 10.1.37-MariaDB-0+deb9u1 
ERROR:root:in dbPushData. The database is being rolled back
INFO:root:-----------------------------------------
INFO:root:pms_th_toserver launched at 11-03-2019 00:36:14
INFO:root:Connected! Database version : 10.1.37-MariaDB-0+deb9u1 
ERROR:root:in dbPushData. The database is being rolled back
INFO:root:-----------------------------------------
INFO:root:pms_th_toserver launched at 11-03-2019 00:36:59
INFO:root:Connected! Database version : 10.1.37-MariaDB-0+deb9u1 
ERROR:root:in dbPushData. The database is being rolled back
INFO:root:-----------------------------------------
INFO:root:pms_th_toserver launched at 11-03-2019 00:37:38
INFO:root:Connected! Database version : 10.1.37-MariaDB-0+deb9u1 
ERROR:root:in dbPushData. The database is being rolled back
INFO:root:-----------------------------------------
INFO:root:pms_th_toserver launched at 11-03-2019 00:38:40
INFO:root:Connected! Database version : 10.1.37-MariaDB-0+deb9u1 
DEBUG:root:INSERT INTO living(approvaldate) VALUES ('20190311 00:38:45',7,9,9,7,9,9,1781,388,35,3,0,0,0,0)
ERROR:root:in dbPushData. The database is being rolled back
INFO:root:-----------------------------------------
INFO:root:pms_th_toserver launched at 11-03-2019 00:44:26
INFO:root:Connected! Database version : 10.1.37-MariaDB-0+deb9u1 
DEBUG:root:INSERT INTO living VALUES ('20190311 00:44:30',7,8,9,7,8,9,1655,385,34,1,0,0,0,0)
INFO:root:data committed
DEBUG:root:INSERT INTO living VALUES ('20190311 00:44:36',7,9,9,7,9,9,1660,394,37,0,0,0,0,0)
INFO:root:data committed
DEBUG:root:INSERT INTO living VALUES ('20190311 00:44:41',7,8,8,7,8,8,1616,388,33,0,0,0,0,0)
INFO:root:data committed
DEBUG:root:INSERT INTO living VALUES ('20190311 00:44:46',7,8,9,7,8,9,1698,392,29,1,1,0,0,0)
INFO:root:data committed
DEBUG:root:INSERT INTO living VALUES ('20190311 00:44:52',7,8,8,7,8,8,1696,381,23,1,1,0,20.8,41.7)
INFO:root:data committed
DEBUG:root:INSERT INTO living VALUES ('20190311 00:44:57',7,8,8,7,8,8,1788,386,22,1,1,0,0,0)
INFO:root:data committed
DEBUG:root:INSERT INTO living VALUES ('20190311 00:45:02',7,7,8,7,7,8,1649,360,24,1,1,0,0.0,0.0)
INFO:root:data committed
DEBUG:root:INSERT INTO living VALUES ('20190311 00:45:07',6,7,7,6,7,7,1505,319,29,1,1,0,20.7,41.7)
INFO:root:data committed
DEBUG:root:INSERT INTO living VALUES ('20190311 00:45:13',6,7,7,6,7,7,1401,317,34,1,1,0,10.4,20.9)
INFO:root:data committed
DEBUG:root:INSERT INTO living VALUES ('20190311 00:45:18',6,8,9,6,8,9,1468,352,40,2,2,0,20.7,41.7)
INFO:root:data committed
DEBUG:root:INSERT INTO living VALUES ('20190311 00:45:23',6,9,9,6,9,9,1517,378,38,1,1,0,20.7,41.7)
INFO:root:data committed
DEBUG:root:INSERT INTO living VALUES ('20190311 00:45:29',6,8,9,6,8,9,1471,367,35,1,1,0,0,0)
INFO:root:data committed
INFO:root:-----------------------------------------
INFO:root:pms_th_toserver launched at 11-03-2019 00:48:16
INFO:root:Connected! Database version : 10.1.37-MariaDB-0+deb9u1 
INFO:root:-----------------------------------------
INFO:root:pms_th_toserver launched at 2019-03-11 00:54:24
INFO:root:Connected! Database version : 10.1.37-MariaDB-0+deb9u1 
INFO:root:-----------------------------------------
INFO:root:pms_th_toserver launched at 2019-03-11 22:41:11
INFO:root:Connected! Database version : 10.1.37-MariaDB-0+deb9u1 
INFO:root:-----------------------------------------
INFO:root:pms_th_toserver launched at 2019-04-25 15:15:50
INFO:root:Connected! Database version : 10.1.37-MariaDB-0+deb9u1 
